16:15:08,242 INFO packaging: configuring base repo
16:15:08,308 INFO_2 yum.verbose.YumPlugins: Configuration file /tmp/yum.pluginconf.d/langpacks.conf not found
16:15:08,320 INFO_2 yum.verbose.YumPlugins: Configuration file /tmp/yum.pluginconf.d/product-id.conf not found
16:15:08,615 INFO_2 yum.verbose.YumPlugins: Loaded plugins: langpacks, product-id
16:15:08,615 INFO_2 yum.verbose.YumPlugins: No plugin match for: fastestmirror
16:15:08,616 INFO_2 yum.verbose.YumPlugins: No plugin match for: langpacks
16:15:08,616 DEBUG yum.verbose.plugin: Adding en_US to language list
16:15:08,623 DEBUG yum.verbose.YumBase: Config time: 0.324
16:15:08,643 INFO_2 yum.verbose.YumPlugins: Configuration file /tmp/yum.pluginconf.d/langpacks.conf not found
16:15:08,648 INFO_2 yum.verbose.YumPlugins: Configuration file /tmp/yum.pluginconf.d/product-id.conf not found
16:15:08,649 INFO_2 yum.verbose.YumPlugins: Loaded plugins: langpacks, product-id
16:15:08,650 INFO_2 yum.verbose.YumPlugins: No plugin match for: fastestmirror
16:15:08,651 INFO_2 yum.verbose.YumPlugins: No plugin match for: langpacks
16:15:08,651 DEBUG yum.verbose.plugin: Adding en_US to language list
16:15:08,658 DEBUG yum.verbose.YumBase: Config time: 0.023
16:15:08,663 INFO packaging: adding yum repo, name: anaconda, baseurl: http://download.eng.bos.redhat.com/devel/candidate-trees/RHEL-7.2-updates-20160727.0/compose/Server/x86_64/os/, mirrorlist: None
16:15:08,759 INFO packaging: Adding addon repo Server-HighAvailability
16:15:08,759 INFO packaging: Adding addon repo Server-ResilientStorage
16:15:08,772 INFO packaging: adding yum repo, name: koji-override-0, baseurl: http://download.lab.bos.redhat.com/devel/candidate-trees/RHEL-7.2-updates-20160727.0/compose/Server/x86_64/os, mirrorlist: None
16:15:08,863 INFO packaging: gathering repo metadata
16:15:08,865 INFO packaging: gathering repo metadata for koji-override-0
16:15:09,300 INFO packaging: gathered repo metadata for koji-override-0
16:15:09,302 INFO packaging: gathering repo metadata for anaconda
16:15:09,456 INFO packaging: gathered repo metadata for anaconda
16:15:09,457 INFO packaging: Refreshing environmentAddons
16:15:09,464 DEBUG yum.verbose.YumBase: Setting up Package Sacks
16:15:13,327 DEBUG yum.verbose.YumBase: pkgsack time: 3.863
16:15:13,861 DEBUG yum.verbose.YumBase: group time: 4.397
13:15:18,936 INFO packaging: metadata retrieval complete
13:15:27,283 WARN packaging: Platform group platform-kvm not available.
13:15:27,309 INFO_2 yum.verbose.YumPlugins: Configuration file /tmp/yum.pluginconf.d/product-id.conf not found
13:15:27,311 INFO_2 yum.verbose.YumPlugins: Loaded plugins: langpacks, product-id
13:15:27,311 INFO_2 yum.verbose.YumPlugins: No plugin match for: fastestmirror
13:15:27,311 INFO_2 yum.verbose.YumPlugins: No plugin match for: langpacks
13:15:27,312 DEBUG yum.verbose.plugin: Adding en_US.UTF-8 to language list
13:15:27,322 DEBUG yum.verbose.YumBase: Config time: 0.018
13:15:27,323 INFO packaging: gathering repo metadata
13:15:27,329 INFO packaging: gathering repo metadata for koji-override-0
13:15:27,364 INFO packaging: gathered repo metadata for koji-override-0
13:15:27,365 INFO packaging: gathering repo metadata for anaconda
13:15:27,400 INFO packaging: gathered repo metadata for anaconda
13:15:27,400 INFO packaging: Refreshing environmentAddons
13:15:31,127 INFO packaging: metadata retrieval complete
13:15:31,130 INFO packaging: checking software selection
13:15:31,131 INFO packaging: skipping core group due to %%packages --nocore; system may not be complete
13:15:31,140 DEBUG yum.verbose.YumBase: Setting up Package Sacks
13:15:32,410 DEBUG yum.verbose.YumBase: pkgsack time: 1.270
13:15:32,486 DEBUG yum.verbose.YumBase: rpmdb time: 0.000
13:15:32,739 DEBUG yum.verbose.YumBase: Obs Init time: 0.210
13:15:33,127 ERR packaging: failed to select a kernel from []
13:15:33,128 INFO packaging: checking dependencies
13:15:33,162 DEBUG yum.verbose.YumBase: Building updates object
13:15:33,517 DEBUG yum.verbose.YumBase: up:simple updates time: 0.053
13:15:33,526 DEBUG yum.verbose.YumBase: up:obs time: 0.010
13:15:33,527 DEBUG yum.verbose.YumBase: up:condense time: 0.000
13:15:33,527 DEBUG yum.verbose.YumBase: updates time: 0.364
13:15:33,530 DEBUG yum.verbose.YumBase: TSINFO: Marking glibc-2.17-106.el7_2.8.x86_64 as install for bash-4.2.46-20.el7_2.x86_64
13:15:33,532 DEBUG yum.verbose.YumBase: Quick matched glibc-2.17-106.el7_2.8.x86_64 to require for rtld(GNU_HASH)
13:15:33,532 DEBUG yum.verbose.YumBase: Quick matched glibc-2.17-106.el7_2.8.x86_64 to require for libc.so.6(GLIBC_2.15)(64bit)
13:15:33,532 DEBUG yum.verbose.YumBase: Quick matched glibc-2.17-106.el7_2.8.x86_64 to require for libdl.so.2()(64bit)
13:15:33,544 DEBUG yum.verbose.YumBase: TSINFO: Marking ncurses-libs-5.9-13.20130511.el7.x86_64 as install for bash-4.2.46-20.el7_2.x86_64
13:15:33,549 DEBUG yum.verbose.YumBase: TSINFO: Marking info-5.1-4.el7.x86_64 as install for 1:findutils-4.5.11-5.el7.x86_64
13:15:33,553 DEBUG yum.verbose.YumBase: TSINFO: Marking libselinux-2.2.2-6.el7.x86_64 as install for 1:findutils-4.5.11-5.el7.x86_64
13:15:33,566 DEBUG yum.verbose.YumBase: TSINFO: Marking python-2.7.5-34.el7.x86_64 as install for python-rhsm-1.15.4-5.el7.x86_64
13:15:33,579 DEBUG yum.verbose.YumBase: TSINFO: Marking 1:openssl-libs-1.0.1e-51.el7_2.5.x86_64 as install for python-rhsm-1.15.4-5.el7.x86_64
13:15:33,582 DEBUG yum.verbose.YumBase: TSINFO: Marking m2crypto-0.21.1-17.el7.x86_64 as install for python-rhsm-1.15.4-5.el7.x86_64
13:15:33,585 DEBUG yum.verbose.YumBase: TSINFO: Marking python-dateutil-1.5-7.el7.noarch as install for python-rhsm-1.15.4-5.el7.x86_64
13:15:33,587 DEBUG yum.verbose.YumBase: TSINFO: Marking python-iniparse-0.4-9.el7.noarch as install for python-rhsm-1.15.4-5.el7.x86_64
13:15:33,597 DEBUG yum.verbose.YumBase: TSINFO: Marking rpm-python-4.11.3-17.el7.x86_64 as install for python-rhsm-1.15.4-5.el7.x86_64
13:15:33,602 DEBUG yum.verbose.YumBase: TSINFO: Marking python-libs-2.7.5-34.el7.x86_64 as install for python-rhsm-1.15.4-5.el7.x86_64
13:15:33,616 DEBUG yum.verbose.YumBase: TSINFO: Marking dbus-python-1.1.1-9.el7.x86_64 as install for subscription-manager-1.15.9-15.el7.x86_64
13:15:33,622 DEBUG yum.verbose.YumBase: TSINFO: Marking gobject-introspection-1.42.0-1.el7.x86_64 as install for subscription-manager-1.15.9-15.el7.x86_64
13:15:33,635 DEBUG yum.verbose.YumBase: TSINFO: Marking pygobject3-base-3.14.0-3.el7.x86_64 as install for subscription-manager-1.15.9-15.el7.x86_64
13:15:33,638 DEBUG yum.verbose.YumBase: TSINFO: Marking python-dmidecode-3.10.13-11.el7.x86_64 as install for subscription-manager-1.15.9-15.el7.x86_64
13:15:33,641 DEBUG yum.verbose.YumBase: TSINFO: Marking python-ethtool-0.8-5.el7.x86_64 as install for subscription-manager-1.15.9-15.el7.x86_64
13:15:33,651 DEBUG yum.verbose.YumBase: TSINFO: Marking usermode-1.111-5.el7.x86_64 as install for subscription-manager-1.15.9-15.el7.x86_64
13:15:33,654 DEBUG yum.verbose.YumBase: TSINFO: Marking virt-what-1.13-6.el7.x86_64 as install for subscription-manager-1.15.9-15.el7.x86_64
13:15:33,658 DEBUG yum.verbose.YumBase: TSINFO: Marking glib2-2.42.2-5.el7.x86_64 as install for subscription-manager-1.15.9-15.el7.x86_64
13:15:33,690 DEBUG yum.verbose.YumBase: TSINFO: Marking systemd-libs-219-19.el7_2.12.x86_64 as install for systemd-219-19.el7_2.12.x86_64
13:15:33,693 DEBUG yum.verbose.YumBase: TSINFO: Marking kmod-20-5.el7.x86_64 as install for systemd-219-19.el7_2.12.x86_64
13:15:33,704 DEBUG yum.verbose.YumBase: TSINFO: Marking redhat-release-server-7.2-9.el7.x86_64 as install for systemd-219-19.el7_2.12.x86_64
13:15:33,707 DEBUG yum.verbose.YumBase: TSINFO: Marking glibc-common-2.17-106.el7_2.8.x86_64 as install for systemd-219-19.el7_2.12.x86_64
13:15:33,710 DEBUG yum.verbose.YumBase: TSINFO: Marking 2:shadow-utils-4.1.5.1-18.el7.x86_64 as install for systemd-219-19.el7_2.12.x86_64
13:15:33,721 DEBUG yum.verbose.YumBase: TSINFO: Marking acl-2.2.51-12.el7.x86_64 as install for systemd-219-19.el7_2.12.x86_64
13:15:33,725 DEBUG yum.verbose.YumBase: TSINFO: Marking coreutils-8.22-15.el7_2.1.x86_64 as install for systemd-219-19.el7_2.12.x86_64
13:15:33,728 DEBUG yum.verbose.YumBase: TSINFO: Marking 1:dbus-1.6.12-14.el7_2.x86_64 as install for systemd-219-19.el7_2.12.x86_64
13:15:33,739 DEBUG yum.verbose.YumBase: TSINFO: Marking diffutils-3.3-4.el7.x86_64 as install for systemd-219-19.el7_2.12.x86_64
13:15:33,742 DEBUG yum.verbose.YumBase: TSINFO: Marking gawk-4.0.2-4.el7.x86_64 as install for systemd-219-19.el7_2.12.x86_64
13:15:33,746 DEBUG yum.verbose.YumBase: TSINFO: Marking libacl-2.2.51-12.el7.x86_64 as install for systemd-219-19.el7_2.12.x86_64
13:15:33,758 DEBUG yum.verbose.YumBase: TSINFO: Marking libblkid-2.23.2-26.el7_2.3.x86_64 as install for systemd-219-19.el7_2.12.x86_64
13:15:33,759 DEBUG yum.verbose.YumBase: Quick matched libblkid-2.23.2-26.el7_2.3.x86_64 to require for libblkid.so.1(BLKID_2.17)(64bit)
13:15:33,759 DEBUG yum.verbose.YumBase: Quick matched libblkid-2.23.2-26.el7_2.3.x86_64 to require for libblkid.so.1(BLKID_2.18)(64bit)
13:15:33,762 DEBUG yum.verbose.YumBase: TSINFO: Marking cryptsetup-libs-1.6.7-1.el7.x86_64 as install for systemd-219-19.el7_2.12.x86_64
13:15:33,775 DEBUG yum.verbose.YumBase: TSINFO: Marking elfutils-libs-0.163-3.el7.x86_64 as install for systemd-219-19.el7_2.12.x86_64
13:15:33,777 DEBUG yum.verbose.YumBase: Quick matched elfutils-libs-0.163-3.el7.x86_64 to require for libdw.so.1(ELFUTILS_0.130)(64bit)
13:15:33,777 DEBUG yum.verbose.YumBase: Quick matched elfutils-libs-0.163-3.el7.x86_64 to require for libdw.so.1(ELFUTILS_0.158)(64bit)
13:15:33,780 DEBUG yum.verbose.YumBase: TSINFO: Marking elfutils-libelf-0.163-3.el7.x86_64 as install for systemd-219-19.el7_2.12.x86_64
13:15:33,794 DEBUG yum.verbose.YumBase: TSINFO: Marking libgcc-4.8.5-4.el7.x86_64 as install for systemd-219-19.el7_2.12.x86_64
13:15:33,795 DEBUG yum.verbose.YumBase: Quick matched libgcc-4.8.5-4.el7.x86_64 to require for libgcc_s.so.1(GCC_3.3.1)(64bit)
13:15:33,798 DEBUG yum.verbose.YumBase: TSINFO: Marking libgcrypt-1.5.3-12.el7_1.1.x86_64 as install for systemd-219-19.el7_2.12.x86_64
13:15:33,810 DEBUG yum.verbose.YumBase: TSINFO: Marking kmod-libs-20-5.el7.x86_64 as install for systemd-219-19.el7_2.12.x86_64
13:15:33,814 DEBUG yum.verbose.YumBase: TSINFO: Marking xz-libs-5.1.2-12alpha.el7.x86_64 as install for systemd-219-19.el7_2.12.x86_64
13:15:33,825 DEBUG yum.verbose.YumBase: TSINFO: Marking libmount-2.23.2-26.el7_2.3.x86_64 as install for systemd-219-19.el7_2.12.x86_64
13:15:33,826 DEBUG yum.verbose.YumBase: Quick matched libmount-2.23.2-26.el7_2.3.x86_64 to require for libmount.so.1(MOUNT_2.20)(64bit)
13:15:33,830 DEBUG yum.verbose.YumBase: TSINFO: Marking pam-1.1.8-12.el7_1.1.x86_64 as install for systemd-219-19.el7_2.12.x86_64
13:15:33,833 DEBUG yum.verbose.YumBase: TSINFO: Marking sed-4.2.2-5.el7.x86_64 as install for systemd-219-19.el7_2.12.x86_64
13:15:33,845 DEBUG yum.verbose.YumBase: TSINFO: Marking audit-libs-2.4.1-5.el7.x86_64 as install for systemd-219-19.el7_2.12.x86_64
13:15:33,850 DEBUG yum.verbose.YumBase: TSINFO: Marking libcap-2.22-8.el7.x86_64 as install for systemd-219-19.el7_2.12.x86_64
13:15:33,865 DEBUG yum.verbose.YumBase: TSINFO: Marking qrencode-libs-3.4.1-3.el7.x86_64 as install for systemd-219-19.el7_2.12.x86_64
13:15:33,869 DEBUG yum.verbose.YumBase: TSINFO: Marking python-urlgrabber-3.10-7.el7.noarch as install for yum-3.4.3-132.el7.noarch
13:15:33,880 DEBUG yum.verbose.YumBase: TSINFO: Marking rpm-4.11.3-17.el7.x86_64 as install for yum-3.4.3-132.el7.noarch
13:15:33,883 DEBUG yum.verbose.YumBase: TSINFO: Marking yum-metadata-parser-1.1.4-10.el7.x86_64 as install for yum-3.4.3-132.el7.noarch
13:15:33,885 DEBUG yum.verbose.YumBase: TSINFO: Marking cpio-2.11-24.el7.x86_64 as install for yum-3.4.3-132.el7.noarch
13:15:33,892 DEBUG yum.verbose.YumBase: TSINFO: Marking pygpgme-0.3-9.el7.x86_64 as install for yum-3.4.3-132.el7.noarch
13:15:33,895 DEBUG yum.verbose.YumBase: TSINFO: Marking pyliblzma-0.5.3-11.el7.x86_64 as install for yum-3.4.3-132.el7.noarch
13:15:33,904 DEBUG yum.verbose.YumBase: TSINFO: Marking pyxattr-0.5.1-5.el7.x86_64 as install for yum-3.4.3-132.el7.noarch
13:15:33,912 DEBUG yum.verbose.YumBase: TSINFO: Marking python-kitchen-1.1.1-5.el7.noarch as install for yum-utils-1.1.31-34.el7.noarch
13:15:33,938 DEBUG yum.verbose.YumBase: TSINFO: Marking libattr-2.4.46-12.el7.x86_64 as install for acl-2.2.51-12.el7.x86_64
13:15:33,964 DEBUG yum.verbose.YumBase: TSINFO: Marking 1:gmp-6.0.0-12.el7_1.x86_64 as install for coreutils-8.22-15.el7_2.1.x86_64
13:15:33,983 DEBUG yum.verbose.YumBase: TSINFO: Marking grep-2.20-2.el7.x86_64 as install for coreutils-8.22-15.el7_2.1.x86_64
13:15:33,988 DEBUG yum.verbose.YumBase: TSINFO: Marking ncurses-5.9-13.20130511.el7.x86_64 as install for coreutils-8.22-15.el7_2.1.x86_64
13:15:34,001 DEBUG yum.verbose.YumBase: TSINFO: Marking 7:device-mapper-libs-1.02.107-5.el7_2.5.x86_64 as install for cryptsetup-libs-1.6.7-1.el7.x86_64
13:15:34,016 DEBUG yum.verbose.YumBase: TSINFO: Marking libuuid-2.23.2-26.el7_2.3.x86_64 as install for cryptsetup-libs-1.6.7-1.el7.x86_64
13:15:34,037 DEBUG yum.verbose.YumBase: TSINFO: Marking libgpg-error-1.12-3.el7.x86_64 as install for cryptsetup-libs-1.6.7-1.el7.x86_64
13:15:34,051 DEBUG yum.verbose.YumBase: TSINFO: Marking 1:dbus-libs-1.6.12-14.el7_2.x86_64 as install for 1:dbus-1.6.12-14.el7_2.x86_64
13:15:34,069 DEBUG yum.verbose.YumBase: TSINFO: Marking chkconfig-1.3.61-5.el7_2.1.x86_64 as install for 1:dbus-1.6.12-14.el7_2.x86_64
13:15:34,079 DEBUG yum.verbose.YumBase: TSINFO: Marking libcap-ng-0.7.5-4.el7.x86_64 as install for 1:dbus-1.6.12-14.el7_2.x86_64
13:15:34,086 DEBUG yum.verbose.YumBase: TSINFO: Marking expat-2.1.0-8.el7.x86_64 as install for 1:dbus-1.6.12-14.el7_2.x86_64
13:15:34,096 DEBUG yum.verbose.YumBase: TSINFO: Marking dbus-glib-0.100-7.el7.x86_64 as install for dbus-python-1.1.1-9.el7.x86_64
13:15:34,121 DEBUG yum.verbose.YumBase: TSINFO: Marking zlib-1.2.7-15.el7.x86_64 as install for elfutils-libs-0.163-3.el7.x86_64
13:15:34,139 DEBUG yum.verbose.YumBase: TSINFO: Marking bzip2-libs-1.0.6-13.el7.x86_64 as install for elfutils-libs-0.163-3.el7.x86_64
13:15:34,153 DEBUG yum.verbose.YumBase: TSINFO: Marking shared-mime-info-1.1-9.el7.x86_64 as install for glib2-2.42.2-5.el7.x86_64
13:15:34,160 DEBUG yum.verbose.YumBase: TSINFO: Marking libffi-3.0.13-16.el7.x86_64 as install for glib2-2.42.2-5.el7.x86_64
13:15:34,171 DEBUG yum.verbose.YumBase: TSINFO: Marking basesystem-10.0-7.el7.noarch as install for glibc-2.17-106.el7_2.8.x86_64
13:15:34,181 DEBUG yum.verbose.YumBase: TSINFO: Marking nss-softokn-freebl-3.16.2.3-14.2.el7_2.x86_64 as install for glibc-2.17-106.el7_2.8.x86_64
13:15:34,182 DEBUG yum.verbose.YumBase: Quick matched nss-softokn-freebl-3.16.2.3-14.2.el7_2.x86_64 to require for libfreebl3.so()(64bit)
13:15:34,191 DEBUG yum.verbose.YumBase: TSINFO: Marking tzdata-2016f-1.el7.noarch as install for glibc-common-2.17-106.el7_2.8.x86_64
13:15:34,203 DEBUG yum.verbose.YumBase: TSINFO: Marking gzip-1.5-8.el7.x86_64 as install for kmod-20-5.el7.x86_64
13:15:34,222 DEBUG yum.verbose.YumBase: TSINFO: Marking binutils-2.23.52.0.1-55.el7.x86_64 as install for kmod-20-5.el7.x86_64
13:15:34,225 DEBUG yum.verbose.YumBase: TSINFO: Marking xz-5.1.2-12alpha.el7.x86_64 as install for kmod-20-5.el7.x86_64
13:15:34,241 DEBUG yum.verbose.YumBase: TSINFO: Marking dracut-033-360.el7_2.1.x86_64 as install for kmod-20-5.el7.x86_64
13:15:34,274 DEBUG yum.verbose.YumBase: TSINFO: Marking libsepol-2.1.9-3.el7.x86_64 as install for libselinux-2.2.2-6.el7.x86_64
13:15:34,293 DEBUG yum.verbose.YumBase: TSINFO: Marking pcre-8.32-15.el7_2.1.x86_64 as install for libselinux-2.2.2-6.el7.x86_64
13:15:34,305 DEBUG yum.verbose.YumBase: Quick matched pcre-8.32-15.el7_2.1.x86_64 to require for libpcre.so.1()(64bit)
13:15:34,315 DEBUG yum.verbose.YumBase: TSINFO: Marking ncurses-base-5.9-13.20130511.el7.noarch as install for ncurses-libs-5.9-13.20130511.el7.x86_64
13:15:34,325 DEBUG yum.verbose.YumBase: TSINFO: Marking libstdc++-4.8.5-4.el7.x86_64 as install for ncurses-libs-5.9-13.20130511.el7.x86_64
13:15:34,334 DEBUG yum.verbose.YumBase: Quick matched libstdc++-4.8.5-4.el7.x86_64 to require for libstdc++.so.6(GLIBCXX_3.4)(64bit)
13:15:34,334 DEBUG yum.verbose.YumBase: Quick matched libstdc++-4.8.5-4.el7.x86_64 to require for libstdc++.so.6()(64bit)
13:15:34,343 DEBUG yum.verbose.YumBase: TSINFO: Marking ca-certificates-2015.2.6-70.1.el7_2.noarch as install for 1:openssl-libs-1.0.1e-51.el7_2.5.x86_64
13:15:34,367 DEBUG yum.verbose.YumBase: TSINFO: Marking krb5-libs-1.13.2-12.el7_2.x86_64 as install for 1:openssl-libs-1.0.1e-51.el7_2.5.x86_64
13:15:34,370 DEBUG yum.verbose.YumBase: Quick matched krb5-libs-1.13.2-12.el7_2.x86_64 to require for libkrb5.so.3(krb5_3_MIT)(64bit)
13:15:34,378 DEBUG yum.verbose.YumBase: TSINFO: Marking libcom_err-1.42.9-7.el7.x86_64 as install for 1:openssl-libs-1.0.1e-51.el7_2.5.x86_64
13:15:34,386 DEBUG yum.verbose.YumBase: Quick matched krb5-libs-1.13.2-12.el7_2.x86_64 to require for libk5crypto.so.3()(64bit)
13:15:34,387 DEBUG yum.verbose.YumBase: Quick matched krb5-libs-1.13.2-12.el7_2.x86_64 to require for libkrb5.so.3()(64bit)
13:15:34,400 DEBUG yum.verbose.YumBase: TSINFO: Marking cracklib-dicts-2.9.0-11.el7.x86_64 as install for pam-1.1.8-12.el7_1.1.x86_64
13:15:34,416 DEBUG yum.verbose.YumBase: TSINFO: Marking libpwquality-1.2.3-4.el7.x86_64 as install for pam-1.1.8-12.el7_1.1.x86_64
13:15:34,420 DEBUG yum.verbose.YumBase: TSINFO: Marking cracklib-2.9.0-11.el7.x86_64 as install for pam-1.1.8-12.el7_1.1.x86_64
13:15:34,428 DEBUG yum.verbose.YumBase: TSINFO: Marking libdb-5.3.21-19.el7.x86_64 as install for pam-1.1.8-12.el7_1.1.x86_64
13:15:34,456 DEBUG yum.verbose.YumBase: TSINFO: Marking gpgme-1.3.2-5.el7.x86_64 as install for pygpgme-0.3-9.el7.x86_64
13:15:34,457 DEBUG yum.verbose.YumBase: Quick matched gpgme-1.3.2-5.el7.x86_64 to require for libgpgme.so.11(GPGME_1.1)(64bit)
13:15:34,457 DEBUG yum.verbose.YumBase: Quick matched gpgme-1.3.2-5.el7.x86_64 to require for libgpgme.so.11()(64bit)
13:15:34,473 DEBUG yum.verbose.YumBase: TSINFO: Marking libxml2-python-2.9.1-6.el7_2.3.x86_64 as install for python-dmidecode-3.10.13-11.el7.x86_64
13:15:34,489 DEBUG yum.verbose.YumBase: TSINFO: Marking libxml2-2.9.1-6.el7_2.3.x86_64 as install for python-dmidecode-3.10.13-11.el7.x86_64
13:15:34,490 DEBUG yum.verbose.YumBase: Quick matched libxml2-2.9.1-6.el7_2.3.x86_64 to require for libxml2.so.2(LIBXML2_2.6.0)(64bit)
13:15:34,491 DEBUG yum.verbose.YumBase: Quick matched libxml2-2.9.1-6.el7_2.3.x86_64 to require for libxml2.so.2(LIBXML2_2.6.2)(64bit)
13:15:34,491 DEBUG yum.verbose.YumBase: Quick matched libxml2-2.9.1-6.el7_2.3.x86_64 to require for libxml2.so.2()(64bit)
13:15:34,505 DEBUG yum.verbose.YumBase: TSINFO: Marking libnl-1.1.4-3.el7.x86_64 as install for python-ethtool-0.8-5.el7.x86_64
13:15:34,515 DEBUG yum.verbose.YumBase: TSINFO: Marking python-chardet-2.2.1-1.el7_1.noarch as install for python-kitchen-1.1.1-5.el7.noarch
13:15:34,542 DEBUG yum.verbose.YumBase: TSINFO: Marking gdbm-1.10-8.el7.x86_64 as install for python-libs-2.7.5-34.el7.x86_64
13:15:34,546 DEBUG yum.verbose.YumBase: Quick matched gdbm-1.10-8.el7.x86_64 to require for libgdbm_compat.so.4()(64bit)
13:15:34,556 DEBUG yum.verbose.YumBase: TSINFO: Marking readline-6.2-9.el7.x86_64 as install for python-libs-2.7.5-34.el7.x86_64
13:15:34,564 DEBUG yum.verbose.YumBase: TSINFO: Marking sqlite-3.7.17-8.el7.x86_64 as install for python-libs-2.7.5-34.el7.x86_64
13:15:34,567 DEBUG yum.verbose.YumBase: TSINFO: Marking python-pycurl-7.19.0-17.el7.x86_64 as install for python-urlgrabber-3.10-7.el7.noarch
13:15:34,590 DEBUG yum.verbose.YumBase: TSINFO: Marking popt-1.13-16.el7.x86_64 as install for rpm-4.11.3-17.el7.x86_64
13:15:34,593 DEBUG yum.verbose.YumBase: TSINFO: Marking libdb-utils-5.3.21-19.el7.x86_64 as install for rpm-4.11.3-17.el7.x86_64
13:15:34,600 DEBUG yum.verbose.YumBase: TSINFO: Marking curl-7.29.0-25.el7.x86_64 as install for rpm-4.11.3-17.el7.x86_64
13:15:34,621 DEBUG yum.verbose.YumBase: TSINFO: Marking lua-5.1.4-14.el7.x86_64 as install for rpm-4.11.3-17.el7.x86_64
13:15:34,635 DEBUG yum.verbose.YumBase: TSINFO: Marking nss-3.21.0-9.el7_2.x86_64 as install for rpm-4.11.3-17.el7.x86_64
13:15:34,646 DEBUG yum.verbose.YumBase: TSINFO: Marking rpm-libs-4.11.3-17.el7.x86_64 as install for rpm-4.11.3-17.el7.x86_64
13:15:34,652 DEBUG yum.verbose.YumBase: Quick matched rpm-libs-4.11.3-17.el7.x86_64 to require for librpmio.so.3()(64bit)
13:15:34,672 DEBUG yum.verbose.YumBase: TSINFO: Marking file-libs-5.11-31.el7.x86_64 as install for rpm-python-4.11.3-17.el7.x86_64
13:15:34,679 DEBUG yum.verbose.YumBase: TSINFO: Marking rpm-build-libs-4.11.3-17.el7.x86_64 as install for rpm-python-4.11.3-17.el7.x86_64
13:15:34,680 DEBUG yum.verbose.YumBase: Quick matched rpm-build-libs-4.11.3-17.el7.x86_64 to require for librpmsign.so.1()(64bit)
13:15:34,698 DEBUG yum.verbose.YumBase: TSINFO: Marking libsemanage-2.1.10-18.el7.x86_64 as install for 2:shadow-utils-4.1.5.1-18.el7.x86_64
13:15:34,705 DEBUG yum.verbose.YumBase: TSINFO: Marking setup-2.8.71-6.el7.noarch as install for 2:shadow-utils-4.1.5.1-18.el7.x86_64
13:15:34,727 DEBUG yum.verbose.YumBase: TSINFO: Marking passwd-0.79-4.el7.x86_64 as install for usermode-1.111-5.el7.x86_64
13:15:34,739 DEBUG yum.verbose.YumBase: TSINFO: Marking util-linux-2.23.2-26.el7_2.3.x86_64 as install for usermode-1.111-5.el7.x86_64
13:15:34,765 DEBUG yum.verbose.YumBase: TSINFO: Marking libuser-0.60-7.el7_1.x86_64 as install for usermode-1.111-5.el7.x86_64
13:15:34,773 DEBUG yum.verbose.YumBase: TSINFO: Marking 1:dmidecode-2.12-9.el7.x86_64 as install for virt-what-1.13-6.el7.x86_64
13:15:34,790 DEBUG yum.verbose.YumBase: TSINFO: Marking filesystem-3.2-20.el7.x86_64 as install for basesystem-10.0-7.el7.noarch
13:15:34,817 DEBUG yum.verbose.YumBase: TSINFO: Marking p11-kit-0.20.7-3.el7.x86_64 as install for ca-certificates-2015.2.6-70.1.el7_2.noarch
13:15:34,826 DEBUG yum.verbose.YumBase: TSINFO: Marking p11-kit-trust-0.20.7-3.el7.x86_64 as install for ca-certificates-2015.2.6-70.1.el7_2.noarch
13:15:34,842 DEBUG yum.verbose.YumBase: TSINFO: Marking libcurl-7.29.0-25.el7.x86_64 as install for curl-7.29.0-25.el7.x86_64
13:15:34,852 DEBUG yum.verbose.YumBase: Quick matched libcurl-7.29.0-25.el7.x86_64 to require for libcurl.so.4()(64bit)
13:15:34,860 DEBUG yum.verbose.YumBase: TSINFO: Marking nspr-4.11.0-1.el7_2.x86_64 as install for curl-7.29.0-25.el7.x86_64
13:15:34,876 DEBUG yum.verbose.YumBase: TSINFO: Marking nss-util-3.21.0-2.2.el7_2.x86_64 as install for curl-7.29.0-25.el7.x86_64
13:15:34,877 DEBUG yum.verbose.YumBase: Quick matched nspr-4.11.0-1.el7_2.x86_64 to require for libplds4.so()(64bit)
13:15:34,931 DEBUG yum.verbose.YumBase: TSINFO: Marking 7:device-mapper-1.02.107-5.el7_2.5.x86_64 as install for 7:device-mapper-libs-1.02.107-5.el7_2.5.x86_64
13:15:34,941 DEBUG yum.verbose.YumBase: TSINFO: Marking 1:hardlink-1.0-19.el7.x86_64 as install for dracut-033-360.el7_2.1.x86_64
13:15:34,952 DEBUG yum.verbose.YumBase: TSINFO: Marking kpartx-0.4.9-85.el7_2.5.x86_64 as install for dracut-033-360.el7_2.1.x86_64
13:15:34,977 DEBUG yum.verbose.YumBase: TSINFO: Marking procps-ng-3.3.10-5.el7_2.x86_64 as install for dracut-033-360.el7_2.1.x86_64
13:15:34,986 DEBUG yum.verbose.YumBase: TSINFO: Marking gnupg2-2.0.22-3.el7.x86_64 as install for gpgme-1.3.2-5.el7.x86_64
13:15:34,999 DEBUG yum.verbose.YumBase: TSINFO: Marking libassuan-2.1.0-3.el7.x86_64 as install for gpgme-1.3.2-5.el7.x86_64
13:15:35,000 DEBUG yum.verbose.YumBase: Quick matched libassuan-2.1.0-3.el7.x86_64 to require for libassuan.so.0()(64bit)
13:15:35,020 DEBUG yum.verbose.YumBase: TSINFO: Marking keyutils-libs-1.5.8-3.el7.x86_64 as install for krb5-libs-1.13.2-12.el7_2.x86_64
13:15:35,021 DEBUG yum.verbose.YumBase: Quick matched keyutils-libs-1.5.8-3.el7.x86_64 to require for libkeyutils.so.1(KEYUTILS_0.3)(64bit)
13:15:35,021 DEBUG yum.verbose.YumBase: Quick matched keyutils-libs-1.5.8-3.el7.x86_64 to require for libkeyutils.so.1(KEYUTILS_1.0)(64bit)
13:15:35,021 DEBUG yum.verbose.YumBase: Quick matched keyutils-libs-1.5.8-3.el7.x86_64 to require for libkeyutils.so.1(KEYUTILS_1.5)(64bit)
13:15:35,021 DEBUG yum.verbose.YumBase: Quick matched keyutils-libs-1.5.8-3.el7.x86_64 to require for libkeyutils.so.1()(64bit)
13:15:35,029 DEBUG yum.verbose.YumBase: TSINFO: Marking libverto-0.2.5-4.el7.x86_64 as install for krb5-libs-1.13.2-12.el7_2.x86_64
13:15:35,063 DEBUG yum.verbose.YumBase: TSINFO: Marking ustr-1.0.4-16.el7.x86_64 as install for libsemanage-2.1.10-18.el7.x86_64
13:15:35,064 DEBUG yum.verbose.YumBase: Quick matched ustr-1.0.4-16.el7.x86_64 to require for libustr-1.0.so.1(USTR_1.0.1)(64bit)
13:15:35,072 DEBUG yum.verbose.YumBase: Quick matched ustr-1.0.4-16.el7.x86_64 to require for libustr-1.0.so.1()(64bit)
13:15:35,087 DEBUG yum.verbose.YumBase: TSINFO: Marking openldap-2.4.40-9.el7_2.x86_64 as install for libuser-0.60-7.el7_1.x86_64
13:15:35,136 DEBUG yum.verbose.YumBase: TSINFO: Marking nss-softokn-3.16.2.3-14.2.el7_2.x86_64 as install for nss-3.21.0-9.el7_2.x86_64
13:15:35,142 DEBUG yum.verbose.YumBase: TSINFO: Marking nss-sysinit-3.21.0-9.el7_2.x86_64 as install for nss-3.21.0-9.el7_2.x86_64
13:15:35,143 DEBUG yum.verbose.YumBase: Quick matched nss-softokn-3.16.2.3-14.2.el7_2.x86_64 to require for libsoftokn3.so()(64bit)
13:15:35,185 DEBUG yum.verbose.YumBase: TSINFO: Marking 1:pkgconfig-0.27.1-4.el7.x86_64 as install for shared-mime-info-1.1-9.el7.x86_64
13:15:35,209 DEBUG yum.verbose.YumBase: TSINFO: Marking libutempter-1.1.6-4.el7.x86_64 as install for util-linux-2.23.2-26.el7_2.3.x86_64
13:15:35,210 DEBUG yum.verbose.YumBase: Quick matched libutempter-1.1.6-4.el7.x86_64 to require for libutempter.so.0()(64bit)
13:15:35,228 DEBUG yum.verbose.YumBase: TSINFO: Marking pinentry-0.8.1-14.el7.x86_64 as install for gnupg2-2.0.22-3.el7.x86_64
13:15:35,236 DEBUG yum.verbose.YumBase: TSINFO: Marking pth-2.0.7-23.el7.x86_64 as install for gnupg2-2.0.22-3.el7.x86_64
13:15:35,263 DEBUG yum.verbose.YumBase: TSINFO: Marking libssh2-1.4.3-10.el7_2.1.x86_64 as install for libcurl-7.29.0-25.el7.x86_64
13:15:35,279 DEBUG yum.verbose.YumBase: TSINFO: Marking libidn-1.28-4.el7.x86_64 as install for libcurl-7.29.0-25.el7.x86_64
13:15:35,280 DEBUG yum.verbose.YumBase: Quick matched libidn-1.28-4.el7.x86_64 to require for libidn.so.11()(64bit)
13:15:35,312 DEBUG yum.verbose.YumBase: TSINFO: Marking nss-tools-3.21.0-9.el7_2.x86_64 as install for openldap-2.4.40-9.el7_2.x86_64
13:15:35,328 DEBUG yum.verbose.YumBase: TSINFO: Marking cyrus-sasl-lib-2.1.26-20.el7_2.x86_64 as install for openldap-2.4.40-9.el7_2.x86_64
13:15:35,343 DEBUG yum.verbose.YumBase: TSINFO: Marking libtasn1-3.8-2.el7.x86_64 as install for p11-kit-trust-0.20.7-3.el7.x86_64
13:15:35,346 DEBUG yum.verbose.YumBase: Quick matched libtasn1-3.8-2.el7.x86_64 to require for libtasn1.so.6()(64bit)
13:15:35,646 DEBUG yum.verbose.YumBase: Depsolve time: 2.517
13:15:35,662 INFO packaging: 147 packages selected totalling 455.02 MiB
13:15:35,732 INFO packaging: Running anaconda-yum to install packages
13:15:38,037 INFO packaging:  populate transaction set
13:15:41,697 INFO packaging:  check transaction set
13:15:41,724 INFO packaging:  order transaction set
13:15:41,736 INFO packaging:  running transaction
13:18:46,118 INFO packaging:  transaction complete
13:18:46,330 INFO packaging: ==== start rpm scriptlet logs ====
13:18:46,330 INFO packaging: warning: filesystem-3.2-20.el7.x86_64: Header V3 RSA/SHA256 Signature, key ID fd431d51: NOKEY

13:18:46,330 INFO packaging: libgcc-4.8.5-4.el7.x86_64 (1/147)

13:18:46,331 INFO packaging: redhat-release-server-7.2-9.el7.x86_64 (2/147)

13:18:46,331 INFO packaging: setup-2.8.71-6.el7.noarch (3/147)

13:18:46,331 INFO packaging: filesystem-3.2-20.el7.x86_64 (4/147)

13:18:46,331 INFO packaging: tzdata-2016f-1.el7.noarch (5/147)

13:18:46,331 INFO packaging: basesystem-10.0-7.el7.noarch (6/147)

13:18:46,331 INFO packaging: ncurses-base-5.9-13.20130511.el7.noarch (7/147)

13:18:46,332 INFO packaging: nss-softokn-freebl-3.16.2.3-14.2.el7_2.x86_64 (8/147)

13:18:46,332 INFO packaging: glibc-common-2.17-106.el7_2.8.x86_64 (9/147)

13:18:46,332 INFO packaging: glibc-2.17-106.el7_2.8.x86_64 (10/147)

13:18:46,332 INFO packaging: xz-libs-5.1.2-12alpha.el7.x86_64 (11/147)

13:18:46,332 INFO packaging: libstdc++-4.8.5-4.el7.x86_64 (12/147)

13:18:46,333 INFO packaging: ncurses-libs-5.9-13.20130511.el7.x86_64 (13/147)

13:18:46,333 INFO packaging: bash-4.2.46-20.el7_2.x86_64 (14/147)

13:18:46,333 INFO packaging: libsepol-2.1.9-3.el7.x86_64 (15/147)

13:18:46,333 INFO packaging: pcre-8.32-15.el7_2.1.x86_64 (16/147)

13:18:46,336 INFO packaging: libselinux-2.2.2-6.el7.x86_64 (17/147)

13:18:46,337 INFO packaging: zlib-1.2.7-15.el7.x86_64 (18/147)

13:18:46,337 INFO packaging: info-5.1-4.el7.x86_64 (19/147)

13:18:46,337 INFO packaging: nspr-4.11.0-1.el7_2.x86_64 (20/147)

13:18:46,337 INFO packaging: bzip2-libs-1.0.6-13.el7.x86_64 (21/147)

13:18:46,338 INFO packaging: libdb-5.3.21-19.el7.x86_64 (22/147)

13:18:46,338 INFO packaging: nss-util-3.21.0-2.2.el7_2.x86_64 (23/147)

13:18:46,338 INFO packaging: popt-1.13-16.el7.x86_64 (24/147)

13:18:46,338 INFO packaging: audit-libs-2.4.1-5.el7.x86_64 (25/147)

13:18:46,338 INFO packaging: chkconfig-1.3.61-5.el7_2.1.x86_64 (26/147)

13:18:46,339 INFO packaging: elfutils-libelf-0.163-3.el7.x86_64 (27/147)

13:18:46,339 INFO packaging: libgpg-error-1.12-3.el7.x86_64 (28/147)

13:18:46,339 INFO packaging: libffi-3.0.13-16.el7.x86_64 (29/147)

13:18:46,339 INFO packaging: libattr-2.4.46-12.el7.x86_64 (30/147)

13:18:46,339 INFO packaging: libacl-2.2.51-12.el7.x86_64 (31/147)

13:18:46,339 INFO packaging: libcap-2.22-8.el7.x86_64 (32/147)

13:18:46,340 INFO packaging: libgcrypt-1.5.3-12.el7_1.1.x86_64 (33/147)

13:18:46,340 INFO packaging: readline-6.2-9.el7.x86_64 (34/147)

13:18:46,341 INFO packaging: lua-5.1.4-14.el7.x86_64 (35/147)

13:18:46,341 INFO packaging: sed-4.2.2-5.el7.x86_64 (36/147)

13:18:46,341 INFO packaging: install-info: No such file or directory for /usr/share/info/sed.info.gz

13:18:46,347 INFO packaging: libxml2-2.9.1-6.el7_2.3.x86_64 (37/147)

13:18:46,347 INFO packaging: libuuid-2.23.2-26.el7_2.3.x86_64 (38/147)

13:18:46,347 INFO packaging: sqlite-3.7.17-8.el7.x86_64 (39/147)

13:18:46,348 INFO packaging: grep-2.20-2.el7.x86_64 (40/147)

13:18:46,348 INFO packaging: install-info: No such file or directory for /usr/share/info/grep.info.gz

13:18:46,348 INFO packaging: cpio-2.11-24.el7.x86_64 (41/147)

13:18:46,348 INFO packaging: diffutils-3.3-4.el7.x86_64 (42/147)

13:18:46,348 INFO packaging: install-info: No such file or directory for /usr/share/info/diffutils.info

13:18:46,348 INFO packaging: libcom_err-1.42.9-7.el7.x86_64 (43/147)

13:18:46,349 INFO packaging: expat-2.1.0-8.el7.x86_64 (44/147)

13:18:46,349 INFO packaging: 1:dbus-libs-1.6.12-14.el7_2.x86_64 (45/147)

13:18:46,349 INFO packaging: nss-softokn-3.16.2.3-14.2.el7_2.x86_64 (46/147)

13:18:46,349 INFO packaging: p11-kit-0.20.7-3.el7.x86_64 (47/147)

13:18:46,350 INFO packaging: libassuan-2.1.0-3.el7.x86_64 (48/147)

13:18:46,350 INFO packaging: elfutils-libs-0.163-3.el7.x86_64 (49/147)

13:18:46,350 INFO packaging: gawk-4.0.2-4.el7.x86_64 (50/147)

13:18:46,350 INFO packaging: 1:findutils-4.5.11-5.el7.x86_64 (51/147)

13:18:46,352 INFO packaging: file-libs-5.11-31.el7.x86_64 (52/147)

13:18:46,352 INFO packaging: xz-5.1.2-12alpha.el7.x86_64 (53/147)

13:18:46,352 INFO packaging: keyutils-libs-1.5.8-3.el7.x86_64 (54/147)

13:18:46,353 INFO packaging: libcap-ng-0.7.5-4.el7.x86_64 (55/147)

13:18:46,353 INFO packaging: glib2-2.42.2-5.el7.x86_64 (56/147)

13:18:46,353 INFO packaging: 1:pkgconfig-0.27.1-4.el7.x86_64 (57/147)

13:18:46,353 INFO packaging: shared-mime-info-1.1-9.el7.x86_64 (58/147)

13:18:46,354 INFO packaging: gobject-introspection-1.42.0-1.el7.x86_64 (59/147)

13:18:46,354 INFO packaging: dbus-glib-0.100-7.el7.x86_64 (60/147)

13:18:46,354 INFO packaging: acl-2.2.51-12.el7.x86_64 (61/147)

13:18:46,356 INFO packaging: pinentry-0.8.1-14.el7.x86_64 (62/147)

13:18:46,356 INFO packaging: cyrus-sasl-lib-2.1.26-20.el7_2.x86_64 (63/147)

13:18:46,356 INFO packaging: libdb-utils-5.3.21-19.el7.x86_64 (64/147)

13:18:46,356 INFO packaging: libidn-1.28-4.el7.x86_64 (65/147)

13:18:46,356 INFO packaging: install-info: No such file or directory for /usr/share/info/libidn.info.gz

13:18:46,357 INFO packaging: kmod-libs-20-5.el7.x86_64 (66/147)

13:18:46,357 INFO packaging: ncurses-5.9-13.20130511.el7.x86_64 (67/147)

13:18:46,357 INFO packaging: 1:gmp-6.0.0-12.el7_1.x86_64 (68/147)

13:18:46,358 INFO packaging: pth-2.0.7-23.el7.x86_64 (69/147)

13:18:46,358 INFO packaging: libverto-0.2.5-4.el7.x86_64 (70/147)

13:18:46,358 INFO packaging: libnl-1.1.4-3.el7.x86_64 (71/147)

13:18:46,359 INFO packaging: ustr-1.0.4-16.el7.x86_64 (72/147)

13:18:46,364 INFO packaging: libsemanage-2.1.10-18.el7.x86_64 (73/147)

13:18:46,364 INFO packaging: 1:hardlink-1.0-19.el7.x86_64 (74/147)

13:18:46,364 INFO packaging: qrencode-libs-3.4.1-3.el7.x86_64 (75/147)

13:18:46,365 INFO packaging: gdbm-1.10-8.el7.x86_64 (76/147)

13:18:46,365 INFO packaging: libtasn1-3.8-2.el7.x86_64 (77/147)

13:18:46,365 INFO packaging: p11-kit-trust-0.20.7-3.el7.x86_64 (78/147)

13:18:46,365 INFO packaging: krb5-libs-1.13.2-12.el7_2.x86_64 (79/147)

13:18:46,365 INFO packaging: 1:openssl-libs-1.0.1e-51.el7_2.5.x86_64 (80/147)

13:18:46,366 INFO packaging: coreutils-8.22-15.el7_2.1.x86_64 (81/147)

13:18:46,366 INFO packaging: ca-certificates-2015.2.6-70.1.el7_2.noarch (82/147)

13:18:46,366 INFO packaging: python-libs-2.7.5-34.el7.x86_64 (83/147)

13:18:46,366 INFO packaging: python-2.7.5-34.el7.x86_64 (84/147)

13:18:46,369 INFO packaging: python-iniparse-0.4-9.el7.noarch (85/147)

13:18:46,369 INFO packaging: 2:shadow-utils-4.1.5.1-18.el7.x86_64 (86/147)

13:18:46,369 INFO packaging: libblkid-2.23.2-26.el7_2.3.x86_64 (87/147)

13:18:46,369 INFO packaging: gzip-1.5-8.el7.x86_64 (88/147)

13:18:46,369 INFO packaging: cracklib-2.9.0-11.el7.x86_64 (89/147)

13:18:46,369 INFO packaging: cracklib-dicts-2.9.0-11.el7.x86_64 (90/147)

13:18:46,370 INFO packaging: pam-1.1.8-12.el7_1.1.x86_64 (91/147)

13:18:46,370 INFO packaging: libpwquality-1.2.3-4.el7.x86_64 (92/147)

13:18:46,370 INFO packaging: systemd-libs-219-19.el7_2.12.x86_64 (93/147)

13:18:46,370 INFO packaging: libmount-2.23.2-26.el7_2.3.x86_64 (94/147)

13:18:46,370 INFO packaging: python-dateutil-1.5-7.el7.noarch (95/147)

13:18:46,370 INFO packaging: procps-ng-3.3.10-5.el7_2.x86_64 (96/147)

13:18:46,371 INFO packaging: libutempter-1.1.6-4.el7.x86_64 (97/147)

13:18:46,371 INFO packaging: dbus-python-1.1.1-9.el7.x86_64 (98/147)

13:18:46,371 INFO packaging: m2crypto-0.21.1-17.el7.x86_64 (99/147)

13:18:46,374 INFO packaging: python-ethtool-0.8-5.el7.x86_64 (100/147)

13:18:46,374 INFO packaging: yum-metadata-parser-1.1.4-10.el7.x86_64 (101/147)

13:18:46,374 INFO packaging: pygobject3-base-3.14.0-3.el7.x86_64 (102/147)

13:18:46,375 INFO packaging: pyliblzma-0.5.3-11.el7.x86_64 (103/147)

13:18:46,375 INFO packaging: libxml2-python-2.9.1-6.el7_2.3.x86_64 (104/147)

13:18:46,375 INFO packaging: python-dmidecode-3.10.13-11.el7.x86_64 (105/147)

13:18:46,375 INFO packaging: pyxattr-0.5.1-5.el7.x86_64 (106/147)

13:18:46,375 INFO packaging: python-chardet-2.2.1-1.el7_1.noarch (107/147)

13:18:46,375 INFO packaging: python-kitchen-1.1.1-5.el7.noarch (108/147)

13:18:46,376 INFO packaging: binutils-2.23.52.0.1-55.el7.x86_64 (109/147)

13:18:46,376 INFO packaging: nss-3.21.0-9.el7_2.x86_64 (110/147)

13:18:46,376 INFO packaging: nss-sysinit-3.21.0-9.el7_2.x86_64 (111/147)

13:18:46,376 INFO packaging: nss-tools-3.21.0-9.el7_2.x86_64 (112/147)

13:18:46,381 INFO packaging: libssh2-1.4.3-10.el7_2.1.x86_64 (113/147)

13:18:46,382 INFO packaging: libcurl-7.29.0-25.el7.x86_64 (114/147)

13:18:46,382 INFO packaging: curl-7.29.0-25.el7.x86_64 (115/147)

13:18:46,382 INFO packaging: rpm-libs-4.11.3-17.el7.x86_64 (116/147)

13:18:46,382 INFO packaging: rpm-4.11.3-17.el7.x86_64 (117/147)

13:18:46,382 INFO packaging: openldap-2.4.40-9.el7_2.x86_64 (118/147)

13:18:46,382 INFO packaging: libuser-0.60-7.el7_1.x86_64 (119/147)

13:18:46,383 INFO packaging: util-linux-2.23.2-26.el7_2.3.x86_64 (120/147)

13:18:46,383 INFO packaging: gnupg2-2.0.22-3.el7.x86_64 (121/147)

13:18:46,384 INFO packaging: install-info: No such file or directory for /usr/share/info/gnupg.info

13:18:46,384 INFO packaging: rpm-build-libs-4.11.3-17.el7.x86_64 (122/147)

13:18:46,385 INFO packaging: rpm-python-4.11.3-17.el7.x86_64 (123/147)

13:18:46,385 INFO packaging: python-rhsm-1.15.4-5.el7.x86_64 (124/147)

13:18:46,385 INFO packaging: gpgme-1.3.2-5.el7.x86_64 (125/147)

13:18:46,385 INFO packaging: pygpgme-0.3-9.el7.x86_64 (126/147)

13:18:46,385 INFO packaging: kpartx-0.4.9-85.el7_2.5.x86_64 (127/147)

13:18:46,387 INFO packaging: 7:device-mapper-1.02.107-5.el7_2.5.x86_64 (128/147)

13:18:46,387 INFO packaging: 7:device-mapper-libs-1.02.107-5.el7_2.5.x86_64 (129/147)

13:18:46,387 INFO packaging: cryptsetup-libs-1.6.7-1.el7.x86_64 (130/147)

13:18:46,387 INFO packaging: dracut-033-360.el7_2.1.x86_64 (131/147)

13:18:46,387 INFO packaging: kmod-20-5.el7.x86_64 (132/147)

13:18:46,388 INFO packaging: systemd-219-19.el7_2.12.x86_64 (133/147)

13:18:46,388 INFO packaging: 1:dbus-1.6.12-14.el7_2.x86_64 (134/147)

13:18:46,388 INFO packaging: passwd-0.79-4.el7.x86_64 (135/147)

13:18:46,389 INFO packaging: usermode-1.111-5.el7.x86_64 (136/147)

13:18:46,389 INFO packaging: python-pycurl-7.19.0-17.el7.x86_64 (137/147)

13:18:46,389 INFO packaging: python-urlgrabber-3.10-7.el7.noarch (138/147)

13:18:46,391 INFO packaging: yum-3.4.3-132.el7.noarch (139/147)

13:18:46,391 INFO packaging: 1:dmidecode-2.12-9.el7.x86_64 (140/147)

13:18:46,391 INFO packaging: virt-what-1.13-6.el7.x86_64 (141/147)

13:18:46,391 INFO packaging: subscription-manager-1.15.9-15.el7.x86_64 (142/147)

13:18:46,391 INFO packaging: yum-plugin-ovl-1.1.31-34.el7.noarch (143/147)

13:18:46,391 INFO packaging: yum-utils-1.1.31-34.el7.noarch (144/147)

13:18:46,392 INFO packaging: 2:vim-minimal-7.4.160-1.el7.x86_64 (145/147)

13:18:46,393 INFO packaging: gdb-gdbserver-7.6.1-80.el7.x86_64 (146/147)

13:18:46,393 INFO packaging: rootfiles-8.1-11.el7.noarch (147/147)

13:18:46,393 INFO packaging: ==== end rpm scriptlet logs ====
