[    39.058] (WW) Failed to open protocol names file /usr/lib64/xorg/protocol.txt
[    39.063] 
X.Org X Server 1.17.2
Release Date: 2015-06-16
[    39.063] X Protocol Version 11, Revision 0
[    39.063] Build Operating System:  2.6.32-573.3.1.el6.x86_64 
[    39.063] Current Operating System: Linux localhost 3.10.0-327.22.2.el7.x86_64 #1 SMP Thu Jun 9 10:09:10 EDT 2016 x86_64
[    39.063] Kernel command line: method=http://download.eng.bos.redhat.com/devel/candidate-trees/RHEL-7.2-updates-20160727.0/compose/Server/x86_64/os/ ks=file:/ks.cfg
[    39.063] Build Date: 08 October 2015  02:48:55PM
[    39.063] Build ID: xorg-x11-server 1.17.2-10.el7 
[    39.063] Current version of pixman: 0.32.6
[    39.063] 	Before reporting problems, check http://wiki.x.org
	to make sure that you have the latest version.
[    39.063] Markers: (--) probed, (**) from config file, (==) default setting,
	(++) from command line, (!!) notice, (II) informational,
	(WW) warning, (EE) error, (NI) not implemented, (??) unknown.
[    39.063] (++) Log file: "/tmp/X.log", Time: Wed Jul 27 16:15:02 2016
[    39.073] (==) Using config directory: "/etc/X11/xorg.conf.d"
[    39.073] (==) Using system config directory "/usr/share/X11/xorg.conf.d"
[    39.096] (==) No Layout section.  Using the first Screen section.
[    39.096] (==) No screen section available. Using defaults.
[    39.096] (**) |-->Screen "Default Screen Section" (0)
[    39.096] (**) |   |-->Monitor "<default monitor>"
[    39.096] (==) No monitor specified for screen "Default Screen Section".
	Using a default monitor configuration.
[    39.096] (==) Automatically adding devices
[    39.096] (==) Automatically enabling devices
[    39.096] (==) Automatically adding GPU devices
[    39.096] (==) FontPath set to:
	catalogue:/etc/X11/fontpath.d,
	built-ins
[    39.096] (==) ModulePath set to "/usr/lib64/xorg/modules"
[    39.096] (II) The server relies on udev to provide the list of input devices.
	If no devices become available, reconfigure udev or disable AutoAddDevices.
[    39.096] (II) Loader magic: 0x7ff9d05c7020
[    39.096] (II) Module ABI versions:
[    39.096] 	X.Org ANSI C Emulation: 0.4
[    39.096] 	X.Org Video Driver: 19.0
[    39.096] 	X.Org XInput driver : 21.0
[    39.096] 	X.Org Server Extension : 9.0
[    39.099] (II) xfree86: Adding drm device (/dev/dri/card0)
[    39.110] (--) PCI:*(0:0:2:0) 1013:00b8:1af4:1100 rev 0, Mem @ 0xf0000000/33554432, 0xf2000000/4096, BIOS @ 0x????????/65536
[    39.110] (II) LoadModule: "glx"
[    39.112] (II) Loading /usr/lib64/xorg/modules/extensions/libglx.so
[    39.194] (II) Module glx: vendor="X.Org Foundation"
[    39.194] 	compiled for 1.17.2, module version = 1.0.0
[    39.194] 	ABI class: X.Org Server Extension, version 9.0
[    39.194] (==) AIGLX enabled
[    39.194] (==) Matched modesetting as autoconfigured driver 0
[    39.194] (==) Matched fbdev as autoconfigured driver 1
[    39.194] (==) Matched vesa as autoconfigured driver 2
[    39.194] (==) Assigned the driver to the xf86ConfigLayout
[    39.194] (II) LoadModule: "modesetting"
[    39.195] (II) Loading /usr/lib64/xorg/modules/drivers/modesetting_drv.so
[    39.201] (II) Module modesetting: vendor="X.Org Foundation"
[    39.201] 	compiled for 1.17.2, module version = 1.17.2
[    39.201] 	Module class: X.Org Video Driver
[    39.201] 	ABI class: X.Org Video Driver, version 19.0
[    39.201] (II) LoadModule: "fbdev"
[    39.201] (II) Loading /usr/lib64/xorg/modules/drivers/fbdev_drv.so
[    39.206] (II) Module fbdev: vendor="X.Org Foundation"
[    39.206] 	compiled for 1.17.1, module version = 0.4.3
[    39.206] 	Module class: X.Org Video Driver
[    39.206] 	ABI class: X.Org Video Driver, version 19.0
[    39.206] (II) LoadModule: "vesa"
[    39.206] (II) Loading /usr/lib64/xorg/modules/drivers/vesa_drv.so
[    39.211] (II) Module vesa: vendor="X.Org Foundation"
[    39.211] 	compiled for 1.17.1, module version = 2.3.2
[    39.211] 	Module class: X.Org Video Driver
[    39.211] 	ABI class: X.Org Video Driver, version 19.0
[    39.211] (II) modesetting: Driver for Modesetting Kernel Drivers: kms
[    39.211] (II) FBDEV: driver for framebuffer: fbdev
[    39.211] (II) VESA: driver for VESA chipsets: vesa
[    39.211] (++) using VT number 6

[    39.225] (**) modeset(0): claimed PCI slot 0@0:2:0
[    39.225] (II) modeset(0): using default device
[    39.225] (WW) Falling back to old probe method for fbdev
[    39.225] (II) Loading sub module "fbdevhw"
[    39.225] (II) LoadModule: "fbdevhw"
[    39.226] (II) Loading /usr/lib64/xorg/modules/libfbdevhw.so
[    39.231] (II) Module fbdevhw: vendor="X.Org Foundation"
[    39.231] 	compiled for 1.17.2, module version = 0.0.2
[    39.231] 	ABI class: X.Org Video Driver, version 19.0
[    39.231] (WW) Falling back to old probe method for vesa
[    39.231] (II) modeset(0): Creating default Display subsection in Screen section
	"Default Screen Section" for depth/fbbpp 24/32
[    39.231] (II) modeset(0): Using 24bpp hw front buffer with 32bpp shadow
[    39.231] (==) modeset(0): Depth 24, (--) framebuffer bpp 32
[    39.231] (==) modeset(0): RGB weight 888
[    39.231] (==) modeset(0): Default visual is TrueColor
[    39.231] (II) Loading sub module "glamoregl"
[    39.231] (II) LoadModule: "glamoregl"
[    39.231] (II) Loading /usr/lib64/xorg/modules/libglamoregl.so
[    39.277] (II) Module glamoregl: vendor="X.Org Foundation"
[    39.277] 	compiled for 1.17.2, module version = 1.0.0
[    39.277] 	ABI class: X.Org ANSI C Emulation, version 0.4
[    39.277] (II) glamor: OpenGL accelerated X.org driver based.
[    39.865] (II) glamor: EGL version 1.4 (DRI2):
[    39.865] EGL_MESA_drm_image required.
[    39.865] (EE) modeset(0): glamor initialization failed
[    39.865] (II) modeset(0): ShadowFB: preferred YES, enabled FORCE
[    39.865] (II) modeset(0): Double-buffered shadow updates: off(II) modeset(0): Output VGA-0 has no monitor section
[    39.872] (II) modeset(0): EDID for output VGA-0
[    39.872] (II) modeset(0): Printing probed modes for output VGA-0
[    39.872] (II) modeset(0): Modeline "1024x768"x60.0   65.00  1024 1048 1184 1344  768 771 777 806 -hsync -vsync (48.4 kHz eP)
[    39.872] (II) modeset(0): Modeline "1280x1024"x60.0  108.00  1280 1328 1440 1688  1024 1025 1028 1066 +hsync +vsync (64.0 kHz e)
[    39.872] (II) modeset(0): Modeline "1280x960"x60.0  108.00  1280 1376 1488 1800  960 961 964 1000 +hsync +vsync (60.0 kHz e)
[    39.872] (II) modeset(0): Modeline "1280x800"x59.8   83.50  1280 1352 1480 1680  800 803 809 831 +hsync -vsync (49.7 kHz e)
[    39.872] (II) modeset(0): Modeline "1280x800"x59.9   71.00  1280 1328 1360 1440  800 803 809 823 +hsync -vsync (49.3 kHz e)
[    39.872] (II) modeset(0): Modeline "1280x768"x59.9   79.50  1280 1344 1472 1664  768 771 778 798 -hsync +vsync (47.8 kHz e)
[    39.872] (II) modeset(0): Modeline "1280x768"x60.0   68.25  1280 1328 1360 1440  768 771 778 790 +hsync -vsync (47.4 kHz e)
[    39.872] (II) modeset(0): Modeline "800x600"x60.3   40.00  800 840 968 1056  600 601 605 628 +hsync +vsync (37.9 kHz e)
[    39.872] (II) modeset(0): Modeline "800x600"x56.2   36.00  800 824 896 1024  600 601 603 625 +hsync +vsync (35.2 kHz e)
[    39.872] (II) modeset(0): Modeline "848x480"x60.0   33.75  848 864 976 1088  480 486 494 517 +hsync +vsync (31.0 kHz e)
[    39.872] (II) modeset(0): Modeline "640x480"x59.9   25.18  640 656 752 800  480 489 492 525 -hsync -vsync (31.5 kHz e)
[    39.872] (II) modeset(0): Output VGA-0 connected
[    39.872] (II) modeset(0): Using exact sizes for initial modes
[    39.872] (II) modeset(0): Output VGA-0 using initial mode 1024x768 +0+0
[    39.872] (II) modeset(0): Using default gamma of (1.0, 1.0, 1.0) unless otherwise stated.
[    39.872] (++) modeset(0): DPI set to (96, 96)
[    39.872] (II) Loading sub module "fb"
[    39.872] (II) LoadModule: "fb"
[    39.872] (II) Loading /usr/lib64/xorg/modules/libfb.so
[    39.885] (II) Module fb: vendor="X.Org Foundation"
[    39.885] 	compiled for 1.17.2, module version = 1.0.0
[    39.885] 	ABI class: X.Org ANSI C Emulation, version 0.4
[    39.885] (II) Loading sub module "shadow"
[    39.885] (II) LoadModule: "shadow"
[    39.885] (II) Loading /usr/lib64/xorg/modules/libshadow.so
[    39.889] (II) Module shadow: vendor="X.Org Foundation"
[    39.889] 	compiled for 1.17.2, module version = 1.1.0
[    39.889] 	ABI class: X.Org ANSI C Emulation, version 0.4
[    39.889] (II) UnloadModule: "fbdev"
[    39.889] (II) Unloading fbdev
[    39.889] (II) UnloadSubModule: "fbdevhw"
[    39.889] (II) Unloading fbdevhw
[    39.889] (II) UnloadModule: "vesa"
[    39.889] (II) Unloading vesa
[    39.890] (==) Depth 24 pixmap format is 32 bpp
[    39.906] (==) modeset(0): Backing store enabled
[    39.906] (==) modeset(0): Silken mouse enabled
[    39.906] (II) modeset(0): RandR 1.2 enabled, ignore the following RandR disabled message.
[    39.907] (==) modeset(0): DPMS enabled
[    39.926] (--) RandR disabled
[    39.929] (II) SELinux: Disabled by boolean
[    39.929] (II) AIGLX: Screen 0 is not DRI2 capable
[    39.929] (EE) AIGLX: reverting to software rendering
[    39.937] (II) AIGLX: Loaded and initialized swrast
[    39.937] (II) GLX: Initialized DRISWRAST GL provider for screen 0
[    39.942] (II) modeset(0): Setting screen physical size to 270 x 203
[    40.072] (II) config/udev: Adding input device Power Button (/dev/input/event0)
[    40.072] (**) Power Button: Applying InputClass "evdev keyboard catchall"
[    40.072] (**) Power Button: Applying InputClass "system-keyboard"
[    40.072] (II) LoadModule: "evdev"
[    40.072] (II) Loading /usr/lib64/xorg/modules/input/evdev_drv.so
[    40.078] (II) Module evdev: vendor="X.Org Foundation"
[    40.078] 	compiled for 1.17.1, module version = 2.9.2
[    40.078] 	Module class: X.Org XInput Driver
[    40.078] 	ABI class: X.Org XInput driver, version 21.0
[    40.078] (II) Using input driver 'evdev' for 'Power Button'
[    40.078] (**) Power Button: always reports core events
[    40.078] (**) evdev: Power Button: Device: "/dev/input/event0"
[    40.078] (--) evdev: Power Button: Vendor 0 Product 0x1
[    40.078] (--) evdev: Power Button: Found keys
[    40.078] (II) evdev: Power Button: Configuring as keyboard
[    40.078] (**) Option "config_info" "udev:/sys/devices/LNXSYSTM:00/LNXPWRBN:00/input/input0/event0"
[    40.078] (II) XINPUT: Adding extended input device "Power Button" (type: KEYBOARD, id 6)
[    40.078] (**) Option "xkb_rules" "evdev"
[    40.078] (**) Option "xkb_layout" "us"
[    40.079] (II) config/udev: Adding input device AT Translated Set 2 keyboard (/dev/input/event1)
[    40.079] (**) AT Translated Set 2 keyboard: Applying InputClass "evdev keyboard catchall"
[    40.079] (**) AT Translated Set 2 keyboard: Applying InputClass "system-keyboard"
[    40.079] (II) Using input driver 'evdev' for 'AT Translated Set 2 keyboard'
[    40.079] (**) AT Translated Set 2 keyboard: always reports core events
[    40.079] (**) evdev: AT Translated Set 2 keyboard: Device: "/dev/input/event1"
[    40.079] (--) evdev: AT Translated Set 2 keyboard: Vendor 0x1 Product 0x1
[    40.079] (--) evdev: AT Translated Set 2 keyboard: Found keys
[    40.079] (II) evdev: AT Translated Set 2 keyboard: Configuring as keyboard
[    40.079] (**) Option "config_info" "udev:/sys/devices/platform/i8042/serio0/input/input1/event1"
[    40.079] (II) XINPUT: Adding extended input device "AT Translated Set 2 keyboard" (type: KEYBOARD, id 7)
[    40.079] (**) Option "xkb_rules" "evdev"
[    40.079] (**) Option "xkb_layout" "us"
[    40.080] (II) config/udev: Adding input device ImExPS/2 Generic Explorer Mouse (/dev/input/event2)
[    40.080] (**) ImExPS/2 Generic Explorer Mouse: Applying InputClass "evdev pointer catchall"
[    40.080] (**) ImExPS/2 Generic Explorer Mouse: Applying InputClass "vmmouse"
[    40.080] (II) LoadModule: "vmmouse"
[    40.080] (II) Loading /usr/lib64/xorg/modules/input/vmmouse_drv.so
[    40.084] (II) Module vmmouse: vendor="X.Org Foundation"
[    40.084] 	compiled for 1.17.1, module version = 13.0.0
[    40.084] 	Module class: X.Org XInput Driver
[    40.084] 	ABI class: X.Org XInput driver, version 21.0
[    40.084] (II) VMWARE(0): VMMOUSE module was loaded
[    40.084] (II) Using input driver 'vmmouse' for 'ImExPS/2 Generic Explorer Mouse'
[    40.084] (**) ImExPS/2 Generic Explorer Mouse: always reports core events
[    40.084] (II) VMWARE(0): vmmouse is available
[    40.084] (**) Option "Device" "/dev/input/event2"
[    40.084] (**) ImExPS/2 Generic Explorer Mouse: ZAxisMapping: buttons 4 and 5
[    40.084] (**) Option "config_info" "udev:/sys/devices/platform/i8042/serio1/input/input2/event2"
[    40.084] (II) XINPUT: Adding extended input device "ImExPS/2 Generic Explorer Mouse" (type: MOUSE, id 8)
[    40.084] (II) VMWARE(0): VMMOUSE DEVICE_INIT
[    40.084] (**) ImExPS/2 Generic Explorer Mouse: (accel) keeping acceleration scheme 1
[    40.084] (**) ImExPS/2 Generic Explorer Mouse: (accel) acceleration profile 0
[    40.084] (**) ImExPS/2 Generic Explorer Mouse: (accel) acceleration factor: 2.000
[    40.084] (**) ImExPS/2 Generic Explorer Mouse: (accel) acceleration threshold: 4
[    40.084] (II) VMWARE(0): VMMOUSE DEVICE_ON
[    40.084] (II) VMWARE(0): vmmouse enabled
[    40.085] (II) config/udev: Adding input device ImExPS/2 Generic Explorer Mouse (/dev/input/mouse0)
[    40.085] (II) No input driver specified, ignoring this device.
[    40.085] (II) This device may have been added with another device file.
[    40.085] (II) config/udev: Adding input device PC Speaker (/dev/input/event3)
[    40.085] (II) No input driver specified, ignoring this device.
[    40.085] (II) This device may have been added with another device file.
